system   D            wsystem.c:583  maybe_parent_dir                 [   0.00142] Also searching C:\Users\Adam\documents\visual studio 2012\Projects\Allegro\
system   D            wsystem.c:633  _al_win_safe_load_library        [   0.00218] PathFindOnPath found: C:\Windows\system32\d3d9.dll
system   D            wsystem.c:544  load_library_at_path             [   0.00225] Calling LoadLibrary C:\Windows\system32\d3d9.dll
system   I            wsystem.c:547  load_library_at_path             [   0.01313] Loaded C:\Windows\system32\d3d9.dll
d3d      I         d3d_disp.cpp:695  _al_d3d_init_display             [   0.03475] Render-to-texture: 1
system   I             system.c:272  al_install_system                [   0.03490] Allegro version: 5.0.8
d3d      I         d3d_disp.cpp:1732 d3d_create_display_locked        [   0.03742] faux_fullscreen=0
d3d      D         d3d_disp.cpp:1733 d3d_create_display_locked        [   0.03757] al_display=0058B288
d3d      D         d3d_disp.cpp:1734 d3d_create_display_locked        [   0.03764] al_display->vt=0058B1C0
d3d      I d3d_display_formats.cpp:144  _al_d3d_generate_display_format_list [   0.05529] found 64 format combinations
display  D   display_settings.c:191  debug_display_settings           [   0.05539] color: 32 (rgba 8880), depth: 0, stencil: 0, acc: 0000, samples: 0/0
display  D   display_settings.c:506  _al_score_display_settings       [   0.05545] Score is : 897
display  D   display_settings.c:191  debug_display_settings           [   0.05549] color: 32 (rgba 8880), depth: 0, stencil: 0, acc: 0000, samples: 0/0
display  D   display_settings.c:506  _al_score_display_settings       [   0.05556] Score is : 897
display  D   display_settings.c:191  debug_display_settings           [   0.05561] color: 32 (rgba 8880), depth: 24, stencil: 8, acc: 0000, samples: 0/0
display  D   display_settings.c:506  _al_score_display_settings       [   0.05569] Score is : 897
display  D   display_settings.c:191  debug_display_settings           [   0.05575] color: 32 (rgba 8880), depth: 24, stencil: 8, acc: 0000, samples: 0/0
display  D   display_settings.c:506  _al_score_display_settings       [   0.05582] Score is : 897
display  D   display_settings.c:191  debug_display_settings           [   0.05588] color: 32 (rgba 8880), depth: 24, stencil: 0, acc: 0000, samples: 0/0
display  D   display_settings.c:506  _al_score_display_settings       [   0.05595] Score is : 897
display  D   display_settings.c:191  debug_display_settings           [   0.05601] color: 32 (rgba 8880), depth: 24, stencil: 0, acc: 0000, samples: 0/0
display  D   display_settings.c:506  _al_score_display_settings       [   0.05608] Score is : 897
display  D   display_settings.c:191  debug_display_settings           [   0.05614] color: 32 (rgba 8880), depth: 16, stencil: 0, acc: 0000, samples: 0/0
display  D   display_settings.c:506  _al_score_display_settings       [   0.05621] Score is : 897
display  D   display_settings.c:191  debug_display_settings           [   0.05627] color: 32 (rgba 8880), depth: 16, stencil: 0, acc: 0000, samples: 0/0
display  D   display_settings.c:506  _al_score_display_settings       [   0.05634] Score is : 897
display  D   display_settings.c:191  debug_display_settings           [   0.05640] color: 16 (rgba 5650), depth: 0, stencil: 0, acc: 0000, samples: 0/0
display  D   display_settings.c:506  _al_score_display_settings       [   0.05647] Score is : 897
display  D   display_settings.c:191  debug_display_settings           [   0.05652] color: 16 (rgba 5650), depth: 0, stencil: 0, acc: 0000, samples: 0/0
display  D   display_settings.c:506  _al_score_display_settings       [   0.05661] Score is : 897
display  D   display_settings.c:191  debug_display_settings           [   0.05667] color: 16 (rgba 5650), depth: 24, stencil: 8, acc: 0000, samples: 0/0
display  D   display_settings.c:506  _al_score_display_settings       [   0.05674] Score is : 897
display  D   display_settings.c:191  debug_display_settings           [   0.05680] color: 16 (rgba 5650), depth: 24, stencil: 8, acc: 0000, samples: 0/0
display  D   display_settings.c:506  _al_score_display_settings       [   0.05703] Score is : 897
display  D   display_settings.c:191  debug_display_settings           [   0.05710] color: 16 (rgba 5650), depth: 24, stencil: 0, acc: 0000, samples: 0/0
display  D   display_settings.c:506  _al_score_display_settings       [   0.05718] Score is : 897
display  D   display_settings.c:191  debug_display_settings           [   0.05723] color: 16 (rgba 5650), depth: 24, stencil: 0, acc: 0000, samples: 0/0
display  D   display_settings.c:506  _al_score_display_settings       [   0.05730] Score is : 897
display  D   display_settings.c:191  debug_display_settings           [   0.05735] color: 16 (rgba 5650), depth: 16, stencil: 0, acc: 0000, samples: 0/0
display  D   display_settings.c:506  _al_score_display_settings       [   0.05743] Score is : 897
display  D   display_settings.c:191  debug_display_settings           [   0.05748] color: 16 (rgba 5650), depth: 16, stencil: 0, acc: 0000, samples: 0/0
display  D   display_settings.c:506  _al_score_display_settings       [   0.05756] Score is : 897
display  D   display_settings.c:191  debug_display_settings           [   0.05761] color: 32 (rgba 8880), depth: 0, stencil: 0, acc: 0000, samples: 0/0
display  D   display_settings.c:377  _al_score_display_settings       [   0.05768] Single Buffer requirement not met.
display  D   display_settings.c:191  debug_display_settings           [   0.05774] color: 32 (rgba 8880), depth: 0, stencil: 0, acc: 0000, samples: 0/0
display  D   display_settings.c:377  _al_score_display_settings       [   0.05781] Single Buffer requirement not met.
display  D   display_settings.c:191  debug_display_settings           [   0.05787] color: 32 (rgba 8880), depth: 24, stencil: 8, acc: 0000, samples: 0/0
display  D   display_settings.c:377  _al_score_display_settings       [   0.05793] Single Buffer requirement not met.
display  D   display_settings.c:191  debug_display_settings           [   0.05799] color: 32 (rgba 8880), depth: 24, stencil: 8, acc: 0000, samples: 0/0
display  D   display_settings.c:377  _al_score_display_settings       [   0.05806] Single Buffer requirement not met.
display  D   display_settings.c:191  debug_display_settings           [   0.05812] color: 32 (rgba 8880), depth: 24, stencil: 0, acc: 0000, samples: 0/0
display  D   display_settings.c:377  _al_score_display_settings       [   0.05819] Single Buffer requirement not met.
display  D   display_settings.c:191  debug_display_settings           [   0.05825] color: 32 (rgba 8880), depth: 24, stencil: 0, acc: 0000, samples: 0/0
display  D   display_settings.c:377  _al_score_display_settings       [   0.05831] Single Buffer requirement not met.
display  D   display_settings.c:191  debug_display_settings           [   0.05837] color: 32 (rgba 8880), depth: 16, stencil: 0, acc: 0000, samples: 0/0
display  D   display_settings.c:377  _al_score_display_settings       [   0.05844] Single Buffer requirement not met.
display  D   display_settings.c:191  debug_display_settings           [   0.05850] color: 32 (rgba 8880), depth: 16, stencil: 0, acc: 0000, samples: 0/0
display  D   display_settings.c:377  _al_score_display_settings       [   0.05858] Single Buffer requirement not met.
display  D   display_settings.c:191  debug_display_settings           [   0.05864] color: 16 (rgba 5650), depth: 0, stencil: 0, acc: 0000, samples: 0/0
display  D   display_settings.c:377  _al_score_display_settings       [   0.05871] Single Buffer requirement not met.
display  D   display_settings.c:191  debug_display_settings           [   0.05876] color: 16 (rgba 5650), depth: 0, stencil: 0, acc: 0000, samples: 0/0
display  D   display_settings.c:377  _al_score_display_settings       [   0.05883] Single Buffer requirement not met.
display  D   display_settings.c:191  debug_display_settings           [   0.05889] color: 16 (rgba 5650), depth: 24, stencil: 8, acc: 0000, samples: 0/0
display  D   display_settings.c:377  _al_score_display_settings       [   0.05896] Single Buffer requirement not met.
display  D   display_settings.c:191  debug_display_settings           [   0.05903] color: 16 (rgba 5650), depth: 24, stencil: 8, acc: 0000, samples: 0/0
display  D   display_settings.c:377  _al_score_display_settings       [   0.05911] Single Buffer requirement not met.
display  D   display_settings.c:191  debug_display_settings           [   0.05917] color: 16 (rgba 5650), depth: 24, stencil: 0, acc: 0000, samples: 0/0
display  D   display_settings.c:377  _al_score_display_settings       [   0.05924] Single Buffer requirement not met.
display  D   display_settings.c:191  debug_display_settings           [   0.05930] color: 16 (rgba 5650), depth: 24, stencil: 0, acc: 0000, samples: 0/0
display  D   display_settings.c:377  _al_score_display_settings       [   0.05937] Single Buffer requirement not met.
display  D   display_settings.c:191  debug_display_settings           [   0.05942] color: 16 (rgba 5650), depth: 16, stencil: 0, acc: 0000, samples: 0/0
display  D   display_settings.c:377  _al_score_display_settings       [   0.05949] Single Buffer requirement not met.
display  D   display_settings.c:191  debug_display_settings           [   0.05957] color: 16 (rgba 5650), depth: 16, stencil: 0, acc: 0000, samples: 0/0
display  D   display_settings.c:377  _al_score_display_settings       [   0.05964] Single Buffer requirement not met.
display  D   display_settings.c:191  debug_display_settings           [   0.05969] color: 32 (rgba 8880), depth: 0, stencil: 0, acc: 0000, samples: 0/0
display  D   display_settings.c:506  _al_score_display_settings       [   0.05976] Score is : 769
display  D   display_settings.c:191  debug_display_settings           [   0.05981] color: 32 (rgba 8880), depth: 0, stencil: 0, acc: 0000, samples: 0/0
display  D   display_settings.c:506  _al_score_display_settings       [   0.05988] Score is : 769
display  D   display_settings.c:191  debug_display_settings           [   0.05994] color: 32 (rgba 8880), depth: 24, stencil: 8, acc: 0000, samples: 0/0
display  D   display_settings.c:506  _al_score_display_settings       [   0.06001] Score is : 769
display  D   display_settings.c:191  debug_display_settings           [   0.06007] color: 32 (rgba 8880), depth: 24, stencil: 8, acc: 0000, samples: 0/0
display  D   display_settings.c:506  _al_score_display_settings       [   0.06017] Score is : 769
display  D   display_settings.c:191  debug_display_settings           [   0.06027] color: 32 (rgba 8880), depth: 24, stencil: 0, acc: 0000, samples: 0/0
display  D   display_settings.c:506  _al_score_display_settings       [   0.06036] Score is : 769
display  D   display_settings.c:191  debug_display_settings           [   0.06042] color: 32 (rgba 8880), depth: 24, stencil: 0, acc: 0000, samples: 0/0
display  D   display_settings.c:506  _al_score_display_settings       [   0.06050] Score is : 769
display  D   display_settings.c:191  debug_display_settings           [   0.06057] color: 32 (rgba 8880), depth: 16, stencil: 0, acc: 0000, samples: 0/0
display  D   display_settings.c:506  _al_score_display_settings       [   0.06065] Score is : 769
display  D   display_settings.c:191  debug_display_settings           [   0.06071] color: 32 (rgba 8880), depth: 16, stencil: 0, acc: 0000, samples: 0/0
display  D   display_settings.c:506  _al_score_display_settings       [   0.06078] Score is : 769
display  D   display_settings.c:191  debug_display_settings           [   0.06084] color: 16 (rgba 5650), depth: 0, stencil: 0, acc: 0000, samples: 0/0
display  D   display_settings.c:506  _al_score_display_settings       [   0.06092] Score is : 769
display  D   display_settings.c:191  debug_display_settings           [   0.06098] color: 16 (rgba 5650), depth: 0, stencil: 0, acc: 0000, samples: 0/0
display  D   display_settings.c:506  _al_score_display_settings       [   0.06105] Score is : 769
display  D   display_settings.c:191  debug_display_settings           [   0.06112] color: 16 (rgba 5650), depth: 24, stencil: 8, acc: 0000, samples: 0/0
display  D   display_settings.c:506  _al_score_display_settings       [   0.06119] Score is : 769
display  D   display_settings.c:191  debug_display_settings           [   0.06126] color: 16 (rgba 5650), depth: 24, stencil: 8, acc: 0000, samples: 0/0
display  D   display_settings.c:506  _al_score_display_settings       [   0.06134] Score is : 769
display  D   display_settings.c:191  debug_display_settings           [   0.06140] color: 16 (rgba 5650), depth: 24, stencil: 0, acc: 0000, samples: 0/0
display  D   display_settings.c:506  _al_score_display_settings       [   0.06148] Score is : 769
display  D   display_settings.c:191  debug_display_settings           [   0.06154] color: 16 (rgba 5650), depth: 24, stencil: 0, acc: 0000, samples: 0/0
display  D   display_settings.c:506  _al_score_display_settings       [   0.06161] Score is : 769
display  D   display_settings.c:191  debug_display_settings           [   0.06167] color: 16 (rgba 5650), depth: 16, stencil: 0, acc: 0000, samples: 0/0
display  D   display_settings.c:506  _al_score_display_settings       [   0.06175] Score is : 769
display  D   display_settings.c:191  debug_display_settings           [   0.06181] color: 16 (rgba 5650), depth: 16, stencil: 0, acc: 0000, samples: 0/0
display  D   display_settings.c:506  _al_score_display_settings       [   0.06189] Score is : 769
display  D   display_settings.c:191  debug_display_settings           [   0.06194] color: 32 (rgba 8880), depth: 0, stencil: 0, acc: 0000, samples: 0/0
display  D   display_settings.c:377  _al_score_display_settings       [   0.06202] Single Buffer requirement not met.
display  D   display_settings.c:191  debug_display_settings           [   0.06208] color: 32 (rgba 8880), depth: 0, stencil: 0, acc: 0000, samples: 0/0
display  D   display_settings.c:377  _al_score_display_settings       [   0.06215] Single Buffer requirement not met.
display  D   display_settings.c:191  debug_display_settings           [   0.06222] color: 32 (rgba 8880), depth: 24, stencil: 8, acc: 0000, samples: 0/0
display  D   display_settings.c:377  _al_score_display_settings       [   0.06229] Single Buffer requirement not met.
display  D   display_settings.c:191  debug_display_settings           [   0.06235] color: 32 (rgba 8880), depth: 24, stencil: 8, acc: 0000, samples: 0/0
display  D   display_settings.c:377  _al_score_display_settings       [   0.06243] Single Buffer requirement not met.
display  D   display_settings.c:191  debug_display_settings           [   0.06249] color: 32 (rgba 8880), depth: 24, stencil: 0, acc: 0000, samples: 0/0
display  D   display_settings.c:377  _al_score_display_settings       [   0.06257] Single Buffer requirement not met.
display  D   display_settings.c:191  debug_display_settings           [   0.06263] color: 32 (rgba 8880), depth: 24, stencil: 0, acc: 0000, samples: 0/0
display  D   display_settings.c:377  _al_score_display_settings       [   0.06270] Single Buffer requirement not met.
display  D   display_settings.c:191  debug_display_settings           [   0.06277] color: 32 (rgba 8880), depth: 16, stencil: 0, acc: 0000, samples: 0/0
display  D   display_settings.c:377  _al_score_display_settings       [   0.06284] Single Buffer requirement not met.
display  D   display_settings.c:191  debug_display_settings           [   0.06291] color: 32 (rgba 8880), depth: 16, stencil: 0, acc: 0000, samples: 0/0
display  D   display_settings.c:377  _al_score_display_settings       [   0.06298] Single Buffer requirement not met.
display  D   display_settings.c:191  debug_display_settings           [   0.06304] color: 16 (rgba 5650), depth: 0, stencil: 0, acc: 0000, samples: 0/0
display  D   display_settings.c:377  _al_score_display_settings       [   0.06311] Single Buffer requirement not met.
display  D   display_settings.c:191  debug_display_settings           [   0.06317] color: 16 (rgba 5650), depth: 0, stencil: 0, acc: 0000, samples: 0/0
display  D   display_settings.c:377  _al_score_display_settings       [   0.06325] Single Buffer requirement not met.
display  D   display_settings.c:191  debug_display_settings           [   0.06331] color: 16 (rgba 5650), depth: 24, stencil: 8, acc: 0000, samples: 0/0
display  D   display_settings.c:377  _al_score_display_settings       [   0.06355] Single Buffer requirement not met.
display  D   display_settings.c:191  debug_display_settings           [   0.06363] color: 16 (rgba 5650), depth: 24, stencil: 8, acc: 0000, samples: 0/0
display  D   display_settings.c:377  _al_score_display_settings       [   0.06371] Single Buffer requirement not met.
display  D   display_settings.c:191  debug_display_settings           [   0.06377] color: 16 (rgba 5650), depth: 24, stencil: 0, acc: 0000, samples: 0/0
display  D   display_settings.c:377  _al_score_display_settings       [   0.06385] Single Buffer requirement not met.
display  D   display_settings.c:191  debug_display_settings           [   0.06391] color: 16 (rgba 5650), depth: 24, stencil: 0, acc: 0000, samples: 0/0
display  D   display_settings.c:377  _al_score_display_settings       [   0.06398] Single Buffer requirement not met.
display  D   display_settings.c:191  debug_display_settings           [   0.06404] color: 16 (rgba 5650), depth: 16, stencil: 0, acc: 0000, samples: 0/0
display  D   display_settings.c:377  _al_score_display_settings       [   0.06411] Single Buffer requirement not met.
display  D   display_settings.c:191  debug_display_settings           [   0.06417] color: 16 (rgba 5650), depth: 16, stencil: 0, acc: 0000, samples: 0/0
display  D   display_settings.c:377  _al_score_display_settings       [   0.06429] Single Buffer requirement not met.
d3d      D         d3d_disp.cpp:1640 d3d_create_display_internals     [   0.06441] Trying format 0.
d3d      I         d3d_disp.cpp:1325 d3d_display_thread_proc          [   0.06707] Chose a display format: 23
d3d      I         d3d_disp.cpp:1394 d3d_display_thread_proc          [   0.06723] Normal window.
d3d      I         d3d_disp.cpp:800  d3d_create_device                [   0.11569] Using no depth stencil buffer
d3d      D         d3d_disp.cpp:865  d3d_create_device                [   0.23247] BeginScene succeeded in create_device
d3d      D         d3d_disp.cpp:873  d3d_create_device                [   0.23259] Success
d3d      D         d3d_disp.cpp:1663 d3d_create_display_internals     [   0.23271] Resumed after wait.
d3d      I         d3d_disp.cpp:1696 d3d_create_display_internals     [   0.23282] Format 0 succeeded.
d3d      D         d3d_disp.cpp:1719 d3d_create_display_internals     [   0.23292] Returning d3d_display: 0058B288
d3d      D         d3d_disp.cpp:1744 d3d_create_display_locked        [   0.23299] al_display=0058B288
d3d      D         d3d_disp.cpp:1745 d3d_create_display_locked        [   0.23304] al_display->vt=0058B1C0
dtor     D               dtor.c:184  _al_register_destructor          [   0.23515] added dtor for object 005D0C40, func 5B3024BE
dtor     D               dtor.c:184  _al_register_destructor          [   0.23529] added dtor for object 005D0DC0, func 5B30278E
bitmap   W          bitmap_io.c:225  al_load_bitmap                   [   0.23567] No handler for bitmap extensions .png - therefore not trying to load sprite.png.
d3d      I         d3d_disp.cpp:920  d3d_destroy_display              [   8.14476] destroying display 0058B288 (current 00000000)
d3d      D         d3d_disp.cpp:904  d3d_destroy_display_internals    [   8.14490] waiting for display 0058B288's thread to end
d3d      W         d3d_disp.cpp:616  d3d_destroy_device               [   8.16472] d3d_destroy_device: ref count not 0
d3d      I         d3d_disp.cpp:1522 d3d_display_thread_proc          [   8.18618] d3d display thread exits
dtor     D               dtor.c:214  _al_unregister_destructor        [   8.18742] removed dtor for object 005D0DC0
dtor     D               dtor.c:214  _al_unregister_destructor        [   8.20313] removed dtor for object 005D0C40
